08:27:52.352 [main] DEBUG org.apache.poi.openxml4j.opc.PackageRelationshipCollection - Parsing relationship: /_rels/.rels
08:27:52.367 [main] DEBUG org.apache.poi.ooxml.POIXMLFactory - using default POIXMLDocumentPart for http://schemas.openxmlformats.org/officeDocument/2006/relationships/printerSettings
08:27:52.377 [main] DEBUG org.apache.poi.openxml4j.opc.PackageRelationshipCollection - Parsing relationship: /xl/_rels/workbook.xml.rels
08:27:52.378 [main] DEBUG org.apache.poi.openxml4j.opc.PackageRelationshipCollection - Parsing relationship: /xl/worksheets/_rels/sheet1.xml.rels
08:27:52.380 [main] DEBUG org.apache.poi.openxml4j.opc.PackageRelationshipCollection - Parsing relationship: /_rels/.rels
08:27:52.389 [main] DEBUG org.apache.poi.ooxml.POIXMLFactory - using default POIXMLDocumentPart for http://schemas.openxmlformats.org/officeDocument/2006/relationships/printerSettings
08:27:52.402 [main] DEBUG org.apache.poi.openxml4j.opc.PackageRelationshipCollection - Parsing relationship: /xl/_rels/workbook.xml.rels
08:27:52.403 [main] DEBUG org.apache.poi.openxml4j.opc.PackageRelationshipCollection - Parsing relationship: /xl/worksheets/_rels/sheet1.xml.rels
08:27:52.404 [main] DEBUG org.apache.poi.openxml4j.opc.PackageRelationshipCollection - Parsing relationship: /_rels/.rels
08:27:52.412 [main] DEBUG org.apache.poi.ooxml.POIXMLFactory - using default POIXMLDocumentPart for http://schemas.openxmlformats.org/officeDocument/2006/relationships/printerSettings
08:27:52.422 [main] DEBUG org.apache.poi.openxml4j.opc.PackageRelationshipCollection - Parsing relationship: /xl/_rels/workbook.xml.rels
08:27:52.423 [main] DEBUG org.apache.poi.openxml4j.opc.PackageRelationshipCollection - Parsing relationship: /xl/worksheets/_rels/sheet1.xml.rels
08:27:52.424 [main] DEBUG org.apache.poi.openxml4j.opc.PackageRelationshipCollection - Parsing relationship: /_rels/.rels
08:27:52.431 [main] DEBUG org.apache.poi.ooxml.POIXMLFactory - using default POIXMLDocumentPart for http://schemas.openxmlformats.org/officeDocument/2006/relationships/printerSettings
08:27:52.442 [main] DEBUG org.apache.poi.openxml4j.opc.PackageRelationshipCollection - Parsing relationship: /xl/_rels/workbook.xml.rels
08:27:52.443 [main] DEBUG org.apache.poi.openxml4j.opc.PackageRelationshipCollection - Parsing relationship: /xl/worksheets/_rels/sheet1.xml.rels
08:27:52.444 [main] DEBUG org.apache.poi.openxml4j.opc.PackageRelationshipCollection - Parsing relationship: /_rels/.rels
08:27:52.454 [main] DEBUG org.apache.poi.ooxml.POIXMLFactory - using default POIXMLDocumentPart for http://schemas.openxmlformats.org/officeDocument/2006/relationships/printerSettings
08:27:52.465 [main] DEBUG org.apache.poi.openxml4j.opc.PackageRelationshipCollection - Parsing relationship: /xl/_rels/workbook.xml.rels
08:27:52.466 [main] DEBUG org.apache.poi.openxml4j.opc.PackageRelationshipCollection - Parsing relationship: /xl/worksheets/_rels/sheet1.xml.rels
08:27:52.468 [main] DEBUG org.apache.poi.openxml4j.opc.PackageRelationshipCollection - Parsing relationship: /_rels/.rels
08:27:52.477 [main] DEBUG org.apache.poi.ooxml.POIXMLFactory - using default POIXMLDocumentPart for http://schemas.openxmlformats.org/officeDocument/2006/relationships/printerSettings
08:27:52.487 [main] DEBUG org.apache.poi.openxml4j.opc.PackageRelationshipCollection - Parsing relationship: /xl/_rels/workbook.xml.rels
08:27:52.488 [main] DEBUG org.apache.poi.openxml4j.opc.PackageRelationshipCollection - Parsing relationship: /xl/worksheets/_rels/sheet1.xml.rels
08:27:52.488 [main] DEBUG org.apache.poi.openxml4j.opc.PackageRelationshipCollection - Parsing relationship: /_rels/.rels
08:27:52.496 [main] DEBUG org.apache.poi.ooxml.POIXMLFactory - using default POIXMLDocumentPart for http://schemas.openxmlformats.org/officeDocument/2006/relationships/printerSettings
08:27:52.505 [main] DEBUG org.apache.poi.openxml4j.opc.PackageRelationshipCollection - Parsing relationship: /xl/_rels/workbook.xml.rels
08:27:52.506 [main] DEBUG org.apache.poi.openxml4j.opc.PackageRelationshipCollection - Parsing relationship: /xl/worksheets/_rels/sheet1.xml.rels
08:27:52.507 [main] DEBUG org.apache.poi.openxml4j.opc.PackageRelationshipCollection - Parsing relationship: /_rels/.rels
08:27:52.515 [main] DEBUG org.apache.poi.ooxml.POIXMLFactory - using default POIXMLDocumentPart for http://schemas.openxmlformats.org/officeDocument/2006/relationships/printerSettings
08:27:52.524 [main] DEBUG org.apache.poi.openxml4j.opc.PackageRelationshipCollection - Parsing relationship: /xl/_rels/workbook.xml.rels
08:27:52.525 [main] DEBUG org.apache.poi.openxml4j.opc.PackageRelationshipCollection - Parsing relationship: /xl/worksheets/_rels/sheet1.xml.rels
08:27:52.525 [main] DEBUG org.apache.poi.openxml4j.opc.PackageRelationshipCollection - Parsing relationship: /_rels/.rels
08:27:52.535 [main] DEBUG org.apache.poi.ooxml.POIXMLFactory - using default POIXMLDocumentPart for http://schemas.openxmlformats.org/officeDocument/2006/relationships/printerSettings
08:27:52.542 [main] DEBUG org.apache.poi.openxml4j.opc.PackageRelationshipCollection - Parsing relationship: /xl/_rels/workbook.xml.rels
08:27:52.543 [main] DEBUG org.apache.poi.openxml4j.opc.PackageRelationshipCollection - Parsing relationship: /xl/worksheets/_rels/sheet1.xml.rels
08:27:52.544 [main] DEBUG org.apache.poi.openxml4j.opc.PackageRelationshipCollection - Parsing relationship: /_rels/.rels
08:27:52.553 [main] DEBUG org.apache.poi.ooxml.POIXMLFactory - using default POIXMLDocumentPart for http://schemas.openxmlformats.org/officeDocument/2006/relationships/printerSettings
08:27:52.562 [main] DEBUG org.apache.poi.openxml4j.opc.PackageRelationshipCollection - Parsing relationship: /xl/_rels/workbook.xml.rels
08:27:52.563 [main] DEBUG org.apache.poi.openxml4j.opc.PackageRelationshipCollection - Parsing relationship: /xl/worksheets/_rels/sheet1.xml.rels
08:27:52.564 [main] DEBUG org.apache.poi.openxml4j.opc.PackageRelationshipCollection - Parsing relationship: /_rels/.rels
08:27:52.572 [main] DEBUG org.apache.poi.ooxml.POIXMLFactory - using default POIXMLDocumentPart for http://schemas.openxmlformats.org/officeDocument/2006/relationships/printerSettings
08:27:52.597 [main] INFO  testCases.TC003_LoginTestDDT - Starting of TC003_LoginTestDDT
08:27:55.155 [main] INFO  testCases.TC003_LoginTestDDT - End of TC003_LoginTestDDT
08:27:55.161 [main] INFO  testCases.TC003_LoginTestDDT - Starting of TC003_LoginTestDDT
08:28:06.109 [main] INFO  testCases.TC003_LoginTestDDT - End of TC003_LoginTestDDT
08:28:06.125 [main] INFO  testCases.TC003_LoginTestDDT - Starting of TC003_LoginTestDDT
08:28:18.172 [main] INFO  testCases.TC003_LoginTestDDT - End of TC003_LoginTestDDT
08:28:18.186 [main] INFO  testCases.TC003_LoginTestDDT - Starting of TC003_LoginTestDDT
08:28:30.024 [main] INFO  testCases.TC003_LoginTestDDT - End of TC003_LoginTestDDT
08:28:30.047 [main] INFO  testCases.TC003_LoginTestDDT - Starting of TC003_LoginTestDDT
08:28:32.857 [main] INFO  testCases.TC003_LoginTestDDT - End of TC003_LoginTestDDT
08:28:32.860 [main] INFO  testCases.TC003_LoginTestDDT - Starting of TC003_LoginTestDDT
08:28:43.782 [main] INFO  testCases.TC003_LoginTestDDT - End of TC003_LoginTestDDT
09:56:54.877 [main] DEBUG org.testng.TestNG - suiteXmlPath: "E:\Srini_Automation\Workspace1\OpencartV122\master.xml"
09:56:55.203 [main] INFO  org.testng.internal.Utils - [TestNG] Running:
  E:\Srini_Automation\Workspace1\OpencartV122\master.xml

09:57:08.036 [main] INFO  testCases.TC001_AccountRegistrationTest - Starting of TC001_AccountRegistrationTest
09:57:08.199 [main] INFO  testCases.TC001_AccountRegistrationTest - Clicked on MyAccount link
09:57:09.224 [main] INFO  testCases.TC001_AccountRegistrationTest - Clicked on Register link
09:57:09.227 [main] INFO  testCases.TC001_AccountRegistrationTest - Providing customer details
09:57:10.345 [main] INFO  testCases.TC001_AccountRegistrationTest - Clicked on Privacy Policy checkbox
09:57:11.885 [main] INFO  testCases.TC001_AccountRegistrationTest - Clicked in Continue
09:57:11.887 [main] INFO  testCases.TC001_AccountRegistrationTest - Validation of confirmation message..
09:57:12.018 [main] INFO  testCases.TC001_AccountRegistrationTest - End of TC001_AccountRegistrationTest
09:57:14.799 [main] INFO  testCases.TC002_LoginTest - Starting of TC002_LoginTest
09:57:17.439 [main] INFO  testCases.TC002_LoginTest - End of TC002_LoginTest
09:57:20.169 [main] DEBUG org.apache.poi.openxml4j.opc.PackageRelationshipCollection - Parsing relationship: /xl/_rels/workbook.xml.rels
09:57:20.178 [main] DEBUG org.apache.poi.openxml4j.opc.PackageRelationshipCollection - Parsing relationship: /xl/worksheets/_rels/sheet1.xml.rels
09:57:20.181 [main] DEBUG org.apache.poi.openxml4j.opc.PackageRelationshipCollection - Parsing relationship: /_rels/.rels
09:57:20.698 [main] DEBUG org.apache.poi.ooxml.POIXMLFactory - using default POIXMLDocumentPart for http://schemas.openxmlformats.org/officeDocument/2006/relationships/printerSettings
09:57:20.816 [main] DEBUG org.apache.poi.openxml4j.opc.PackageRelationshipCollection - Parsing relationship: /xl/_rels/workbook.xml.rels
09:57:20.816 [main] DEBUG org.apache.poi.openxml4j.opc.PackageRelationshipCollection - Parsing relationship: /xl/worksheets/_rels/sheet1.xml.rels
09:57:20.821 [main] DEBUG org.apache.poi.openxml4j.opc.PackageRelationshipCollection - Parsing relationship: /_rels/.rels
09:57:20.835 [main] DEBUG org.apache.poi.ooxml.POIXMLFactory - using default POIXMLDocumentPart for http://schemas.openxmlformats.org/officeDocument/2006/relationships/printerSettings
09:57:20.847 [main] DEBUG org.apache.poi.openxml4j.opc.PackageRelationshipCollection - Parsing relationship: /xl/_rels/workbook.xml.rels
09:57:20.849 [main] DEBUG org.apache.poi.openxml4j.opc.PackageRelationshipCollection - Parsing relationship: /xl/worksheets/_rels/sheet1.xml.rels
09:57:20.850 [main] DEBUG org.apache.poi.openxml4j.opc.PackageRelationshipCollection - Parsing relationship: /_rels/.rels
09:57:20.860 [main] DEBUG org.apache.poi.ooxml.POIXMLFactory - using default POIXMLDocumentPart for http://schemas.openxmlformats.org/officeDocument/2006/relationships/printerSettings
09:57:20.888 [main] DEBUG org.apache.poi.openxml4j.opc.PackageRelationshipCollection - Parsing relationship: /xl/_rels/workbook.xml.rels
09:57:20.891 [main] DEBUG org.apache.poi.openxml4j.opc.PackageRelationshipCollection - Parsing relationship: /xl/worksheets/_rels/sheet1.xml.rels
09:57:20.892 [main] DEBUG org.apache.poi.openxml4j.opc.PackageRelationshipCollection - Parsing relationship: /_rels/.rels
09:57:20.898 [main] DEBUG org.apache.poi.ooxml.POIXMLFactory - using default POIXMLDocumentPart for http://schemas.openxmlformats.org/officeDocument/2006/relationships/printerSettings
09:57:20.914 [main] DEBUG org.apache.poi.openxml4j.opc.PackageRelationshipCollection - Parsing relationship: /xl/_rels/workbook.xml.rels
09:57:20.915 [main] DEBUG org.apache.poi.openxml4j.opc.PackageRelationshipCollection - Parsing relationship: /xl/worksheets/_rels/sheet1.xml.rels
09:57:20.917 [main] DEBUG org.apache.poi.openxml4j.opc.PackageRelationshipCollection - Parsing relationship: /_rels/.rels
09:57:20.930 [main] DEBUG org.apache.poi.ooxml.POIXMLFactory - using default POIXMLDocumentPart for http://schemas.openxmlformats.org/officeDocument/2006/relationships/printerSettings
09:57:20.941 [main] DEBUG org.apache.poi.openxml4j.opc.PackageRelationshipCollection - Parsing relationship: /xl/_rels/workbook.xml.rels
09:57:20.941 [main] DEBUG org.apache.poi.openxml4j.opc.PackageRelationshipCollection - Parsing relationship: /xl/worksheets/_rels/sheet1.xml.rels
09:57:20.941 [main] DEBUG org.apache.poi.openxml4j.opc.PackageRelationshipCollection - Parsing relationship: /_rels/.rels
09:57:20.955 [main] DEBUG org.apache.poi.ooxml.POIXMLFactory - using default POIXMLDocumentPart for http://schemas.openxmlformats.org/officeDocument/2006/relationships/printerSettings
09:57:20.968 [main] DEBUG org.apache.poi.openxml4j.opc.PackageRelationshipCollection - Parsing relationship: /xl/_rels/workbook.xml.rels
09:57:20.968 [main] DEBUG org.apache.poi.openxml4j.opc.PackageRelationshipCollection - Parsing relationship: /xl/worksheets/_rels/sheet1.xml.rels
09:57:20.971 [main] DEBUG org.apache.poi.openxml4j.opc.PackageRelationshipCollection - Parsing relationship: /_rels/.rels
09:57:20.977 [main] DEBUG org.apache.poi.ooxml.POIXMLFactory - using default POIXMLDocumentPart for http://schemas.openxmlformats.org/officeDocument/2006/relationships/printerSettings
09:57:20.993 [main] DEBUG org.apache.poi.openxml4j.opc.PackageRelationshipCollection - Parsing relationship: /xl/_rels/workbook.xml.rels
09:57:20.993 [main] DEBUG org.apache.poi.openxml4j.opc.PackageRelationshipCollection - Parsing relationship: /xl/worksheets/_rels/sheet1.xml.rels
09:57:20.993 [main] DEBUG org.apache.poi.openxml4j.opc.PackageRelationshipCollection - Parsing relationship: /_rels/.rels
09:57:21.010 [main] DEBUG org.apache.poi.ooxml.POIXMLFactory - using default POIXMLDocumentPart for http://schemas.openxmlformats.org/officeDocument/2006/relationships/printerSettings
09:57:21.022 [main] DEBUG org.apache.poi.openxml4j.opc.PackageRelationshipCollection - Parsing relationship: /xl/_rels/workbook.xml.rels
09:57:21.022 [main] DEBUG org.apache.poi.openxml4j.opc.PackageRelationshipCollection - Parsing relationship: /xl/worksheets/_rels/sheet1.xml.rels
09:57:21.025 [main] DEBUG org.apache.poi.openxml4j.opc.PackageRelationshipCollection - Parsing relationship: /_rels/.rels
09:57:21.033 [main] DEBUG org.apache.poi.ooxml.POIXMLFactory - using default POIXMLDocumentPart for http://schemas.openxmlformats.org/officeDocument/2006/relationships/printerSettings
09:57:21.043 [main] DEBUG org.apache.poi.openxml4j.opc.PackageRelationshipCollection - Parsing relationship: /xl/_rels/workbook.xml.rels
09:57:21.043 [main] DEBUG org.apache.poi.openxml4j.opc.PackageRelationshipCollection - Parsing relationship: /xl/worksheets/_rels/sheet1.xml.rels
09:57:21.043 [main] DEBUG org.apache.poi.openxml4j.opc.PackageRelationshipCollection - Parsing relationship: /_rels/.rels
09:57:21.053 [main] DEBUG org.apache.poi.ooxml.POIXMLFactory - using default POIXMLDocumentPart for http://schemas.openxmlformats.org/officeDocument/2006/relationships/printerSettings
09:57:21.068 [main] DEBUG org.apache.poi.openxml4j.opc.PackageRelationshipCollection - Parsing relationship: /xl/_rels/workbook.xml.rels
09:57:21.068 [main] DEBUG org.apache.poi.openxml4j.opc.PackageRelationshipCollection - Parsing relationship: /xl/worksheets/_rels/sheet1.xml.rels
09:57:21.068 [main] DEBUG org.apache.poi.openxml4j.opc.PackageRelationshipCollection - Parsing relationship: /_rels/.rels
09:57:21.076 [main] DEBUG org.apache.poi.ooxml.POIXMLFactory - using default POIXMLDocumentPart for http://schemas.openxmlformats.org/officeDocument/2006/relationships/printerSettings
09:57:21.081 [main] DEBUG org.apache.poi.openxml4j.opc.PackageRelationshipCollection - Parsing relationship: /xl/_rels/workbook.xml.rels
09:57:21.088 [main] DEBUG org.apache.poi.openxml4j.opc.PackageRelationshipCollection - Parsing relationship: /xl/worksheets/_rels/sheet1.xml.rels
09:57:21.089 [main] DEBUG org.apache.poi.openxml4j.opc.PackageRelationshipCollection - Parsing relationship: /_rels/.rels
09:57:21.097 [main] DEBUG org.apache.poi.ooxml.POIXMLFactory - using default POIXMLDocumentPart for http://schemas.openxmlformats.org/officeDocument/2006/relationships/printerSettings
09:57:21.104 [main] DEBUG org.apache.poi.openxml4j.opc.PackageRelationshipCollection - Parsing relationship: /xl/_rels/workbook.xml.rels
09:57:21.109 [main] DEBUG org.apache.poi.openxml4j.opc.PackageRelationshipCollection - Parsing relationship: /xl/worksheets/_rels/sheet1.xml.rels
09:57:21.111 [main] DEBUG org.apache.poi.openxml4j.opc.PackageRelationshipCollection - Parsing relationship: /_rels/.rels
09:57:21.117 [main] DEBUG org.apache.poi.ooxml.POIXMLFactory - using default POIXMLDocumentPart for http://schemas.openxmlformats.org/officeDocument/2006/relationships/printerSettings
09:57:21.124 [main] DEBUG org.apache.poi.openxml4j.opc.PackageRelationshipCollection - Parsing relationship: /xl/_rels/workbook.xml.rels
09:57:21.124 [main] DEBUG org.apache.poi.openxml4j.opc.PackageRelationshipCollection - Parsing relationship: /xl/worksheets/_rels/sheet1.xml.rels
09:57:21.124 [main] DEBUG org.apache.poi.openxml4j.opc.PackageRelationshipCollection - Parsing relationship: /_rels/.rels
09:57:21.138 [main] DEBUG org.apache.poi.ooxml.POIXMLFactory - using default POIXMLDocumentPart for http://schemas.openxmlformats.org/officeDocument/2006/relationships/printerSettings
09:57:21.145 [main] DEBUG org.apache.poi.openxml4j.opc.PackageRelationshipCollection - Parsing relationship: /xl/_rels/workbook.xml.rels
09:57:21.145 [main] DEBUG org.apache.poi.openxml4j.opc.PackageRelationshipCollection - Parsing relationship: /xl/worksheets/_rels/sheet1.xml.rels
09:57:21.145 [main] DEBUG org.apache.poi.openxml4j.opc.PackageRelationshipCollection - Parsing relationship: /_rels/.rels
09:57:21.154 [main] DEBUG org.apache.poi.ooxml.POIXMLFactory - using default POIXMLDocumentPart for http://schemas.openxmlformats.org/officeDocument/2006/relationships/printerSettings
09:57:21.167 [main] DEBUG org.apache.poi.openxml4j.opc.PackageRelationshipCollection - Parsing relationship: /xl/_rels/workbook.xml.rels
09:57:21.168 [main] DEBUG org.apache.poi.openxml4j.opc.PackageRelationshipCollection - Parsing relationship: /xl/worksheets/_rels/sheet1.xml.rels
09:57:21.168 [main] DEBUG org.apache.poi.openxml4j.opc.PackageRelationshipCollection - Parsing relationship: /_rels/.rels
09:57:21.172 [main] DEBUG org.apache.poi.ooxml.POIXMLFactory - using default POIXMLDocumentPart for http://schemas.openxmlformats.org/officeDocument/2006/relationships/printerSettings
09:57:21.185 [main] DEBUG org.apache.poi.openxml4j.opc.PackageRelationshipCollection - Parsing relationship: /xl/_rels/workbook.xml.rels
09:57:21.186 [main] DEBUG org.apache.poi.openxml4j.opc.PackageRelationshipCollection - Parsing relationship: /xl/worksheets/_rels/sheet1.xml.rels
09:57:21.186 [main] DEBUG org.apache.poi.openxml4j.opc.PackageRelationshipCollection - Parsing relationship: /_rels/.rels
09:57:21.195 [main] DEBUG org.apache.poi.ooxml.POIXMLFactory - using default POIXMLDocumentPart for http://schemas.openxmlformats.org/officeDocument/2006/relationships/printerSettings
09:57:21.203 [main] DEBUG org.apache.poi.openxml4j.opc.PackageRelationshipCollection - Parsing relationship: /xl/_rels/workbook.xml.rels
09:57:21.205 [main] DEBUG org.apache.poi.openxml4j.opc.PackageRelationshipCollection - Parsing relationship: /xl/worksheets/_rels/sheet1.xml.rels
09:57:21.205 [main] DEBUG org.apache.poi.openxml4j.opc.PackageRelationshipCollection - Parsing relationship: /_rels/.rels
09:57:21.212 [main] DEBUG org.apache.poi.ooxml.POIXMLFactory - using default POIXMLDocumentPart for http://schemas.openxmlformats.org/officeDocument/2006/relationships/printerSettings
09:57:21.214 [main] DEBUG org.apache.poi.openxml4j.opc.PackageRelationshipCollection - Parsing relationship: /xl/_rels/workbook.xml.rels
09:57:21.214 [main] DEBUG org.apache.poi.openxml4j.opc.PackageRelationshipCollection - Parsing relationship: /xl/worksheets/_rels/sheet1.xml.rels
09:57:21.222 [main] DEBUG org.apache.poi.openxml4j.opc.PackageRelationshipCollection - Parsing relationship: /_rels/.rels
09:57:21.224 [main] DEBUG org.apache.poi.ooxml.POIXMLFactory - using default POIXMLDocumentPart for http://schemas.openxmlformats.org/officeDocument/2006/relationships/printerSettings
09:57:21.237 [main] DEBUG org.apache.poi.openxml4j.opc.PackageRelationshipCollection - Parsing relationship: /xl/_rels/workbook.xml.rels
09:57:21.237 [main] DEBUG org.apache.poi.openxml4j.opc.PackageRelationshipCollection - Parsing relationship: /xl/worksheets/_rels/sheet1.xml.rels
09:57:21.241 [main] DEBUG org.apache.poi.openxml4j.opc.PackageRelationshipCollection - Parsing relationship: /_rels/.rels
09:57:21.246 [main] DEBUG org.apache.poi.ooxml.POIXMLFactory - using default POIXMLDocumentPart for http://schemas.openxmlformats.org/officeDocument/2006/relationships/printerSettings
09:57:21.263 [main] INFO  testCases.TC003_LoginTestDDT - Starting of TC003_LoginTestDDT
09:57:24.220 [main] INFO  testCases.TC003_LoginTestDDT - End of TC003_LoginTestDDT
09:57:24.228 [main] INFO  testCases.TC003_LoginTestDDT - Starting of TC003_LoginTestDDT
09:57:36.702 [main] INFO  testCases.TC003_LoginTestDDT - End of TC003_LoginTestDDT
09:57:36.714 [main] INFO  testCases.TC003_LoginTestDDT - Starting of TC003_LoginTestDDT
09:57:47.932 [main] INFO  testCases.TC003_LoginTestDDT - End of TC003_LoginTestDDT
09:57:47.943 [main] INFO  testCases.TC003_LoginTestDDT - Starting of TC003_LoginTestDDT
09:58:00.261 [main] INFO  testCases.TC003_LoginTestDDT - End of TC003_LoginTestDDT
09:58:00.267 [main] INFO  testCases.TC003_LoginTestDDT - Starting of TC003_LoginTestDDT
09:58:04.869 [main] INFO  testCases.TC003_LoginTestDDT - End of TC003_LoginTestDDT
09:58:04.873 [main] INFO  testCases.TC003_LoginTestDDT - Starting of TC003_LoginTestDDT
09:58:17.010 [main] INFO  testCases.TC003_LoginTestDDT - End of TC003_LoginTestDDT
10:56:50.772 [main] DEBUG org.testng.TestNG - suiteXmlPath: "E:\Srini_Automation\Workspace1\OpencartV122\grouping.xml"
10:56:51.321 [main] INFO  org.testng.internal.Utils - [TestNG] Running:
  E:\Srini_Automation\Workspace1\OpencartV122\grouping.xml

10:56:55.981 [main] INFO  testCases.TC001_AccountRegistrationTest - Starting of TC001_AccountRegistrationTest
10:56:56.590 [main] INFO  testCases.TC001_AccountRegistrationTest - Clicked on MyAccount link
10:56:57.828 [main] INFO  testCases.TC001_AccountRegistrationTest - Clicked on Register link
10:56:57.832 [main] INFO  testCases.TC001_AccountRegistrationTest - Providing customer details
10:56:59.334 [main] INFO  testCases.TC001_AccountRegistrationTest - Clicked on Privacy Policy checkbox
10:57:00.929 [main] INFO  testCases.TC001_AccountRegistrationTest - Clicked in Continue
10:57:00.929 [main] INFO  testCases.TC001_AccountRegistrationTest - Validation of confirmation message..
10:57:01.062 [main] INFO  testCases.TC001_AccountRegistrationTest - End of TC001_AccountRegistrationTest
10:57:04.552 [main] INFO  testCases.TC002_LoginTest - Starting of TC002_LoginTest
10:57:07.843 [main] INFO  testCases.TC002_LoginTest - End of TC002_LoginTest
14:51:47.625 [main] DEBUG org.testng.TestNG - suiteXmlPath: "E:\Srini_Automation\Workspace1\OpencartV122\grouping.xml"
14:51:47.932 [main] INFO  org.testng.internal.Utils - [TestNG] Running:
  E:\Srini_Automation\Workspace1\OpencartV122\grouping.xml

14:51:53.760 [main] INFO  testCases.TC001_AccountRegistrationTest - Starting of TC001_AccountRegistrationTest
14:51:54.059 [main] INFO  testCases.TC001_AccountRegistrationTest - Clicked on MyAccount link
14:51:55.011 [main] INFO  testCases.TC001_AccountRegistrationTest - Clicked on Register link
14:51:55.015 [main] INFO  testCases.TC001_AccountRegistrationTest - Providing customer details
14:51:55.668 [main] INFO  testCases.TC001_AccountRegistrationTest - Clicked on Privacy Policy checkbox
14:51:56.882 [main] INFO  testCases.TC001_AccountRegistrationTest - Clicked in Continue
14:51:56.882 [main] INFO  testCases.TC001_AccountRegistrationTest - Validation of confirmation message..
14:51:56.958 [main] INFO  testCases.TC001_AccountRegistrationTest - End of TC001_AccountRegistrationTest
14:51:59.475 [main] INFO  testCases.TC002_LoginTest - Starting of TC002_LoginTest
14:52:01.759 [main] INFO  testCases.TC002_LoginTest - End of TC002_LoginTest
15:02:31.299 [main] DEBUG org.testng.TestNG - suiteXmlPath: "E:\Srini_Automation\Workspace1\OpencartV122\master.xml"
15:02:31.571 [main] INFO  org.testng.internal.Utils - [TestNG] Running:
  E:\Srini_Automation\Workspace1\OpencartV122\master.xml

15:02:34.394 [main] INFO  testCases.TC001_AccountRegistrationTest - Starting of TC001_AccountRegistrationTest
15:02:34.646 [main] INFO  testCases.TC001_AccountRegistrationTest - Clicked on MyAccount link
15:02:35.278 [main] INFO  testCases.TC001_AccountRegistrationTest - Clicked on Register link
15:02:35.284 [main] INFO  testCases.TC001_AccountRegistrationTest - Providing customer details
15:02:35.972 [main] INFO  testCases.TC001_AccountRegistrationTest - Clicked on Privacy Policy checkbox
15:02:37.061 [main] INFO  testCases.TC001_AccountRegistrationTest - Clicked in Continue
15:02:37.062 [main] INFO  testCases.TC001_AccountRegistrationTest - Validation of confirmation message..
15:02:37.133 [main] INFO  testCases.TC001_AccountRegistrationTest - End of TC001_AccountRegistrationTest
15:02:39.366 [main] INFO  testCases.TC002_LoginTest - Starting of TC002_LoginTest
15:08:07.799 [main] DEBUG org.testng.TestNG - suiteXmlPath: "E:\Srini_Automation\Workspace1\OpencartV122\master.xml"
15:08:08.096 [main] INFO  org.testng.internal.Utils - [TestNG] Running:
  E:\Srini_Automation\Workspace1\OpencartV122\master.xml

15:08:11.568 [main] INFO  testCases.TC001_AccountRegistrationTest - Starting of TC001_AccountRegistrationTest
15:08:11.860 [main] INFO  testCases.TC001_AccountRegistrationTest - Clicked on MyAccount link
15:08:12.751 [main] INFO  testCases.TC001_AccountRegistrationTest - Clicked on Register link
15:08:12.759 [main] INFO  testCases.TC001_AccountRegistrationTest - Providing customer details
15:08:13.345 [main] INFO  testCases.TC001_AccountRegistrationTest - Clicked on Privacy Policy checkbox
15:08:14.728 [main] INFO  testCases.TC001_AccountRegistrationTest - Clicked in Continue
15:08:14.728 [main] INFO  testCases.TC001_AccountRegistrationTest - Validation of confirmation message..
15:08:14.801 [main] INFO  testCases.TC001_AccountRegistrationTest - End of TC001_AccountRegistrationTest
15:08:17.431 [main] INFO  testCases.TC002_LoginTest - Starting of TC002_LoginTest
15:08:19.623 [main] INFO  testCases.TC002_LoginTest - End of TC002_LoginTest
15:08:22.247 [main] DEBUG org.apache.poi.openxml4j.opc.PackageRelationshipCollection - Parsing relationship: /xl/_rels/workbook.xml.rels
15:08:22.253 [main] DEBUG org.apache.poi.openxml4j.opc.PackageRelationshipCollection - Parsing relationship: /xl/worksheets/_rels/sheet1.xml.rels
15:08:22.256 [main] DEBUG org.apache.poi.openxml4j.opc.PackageRelationshipCollection - Parsing relationship: /_rels/.rels
15:08:22.698 [main] DEBUG org.apache.poi.ooxml.POIXMLFactory - using default POIXMLDocumentPart for http://schemas.openxmlformats.org/officeDocument/2006/relationships/printerSettings
15:08:22.797 [main] DEBUG org.apache.poi.openxml4j.opc.PackageRelationshipCollection - Parsing relationship: /xl/_rels/workbook.xml.rels
15:08:22.798 [main] DEBUG org.apache.poi.openxml4j.opc.PackageRelationshipCollection - Parsing relationship: /xl/worksheets/_rels/sheet1.xml.rels
15:08:22.801 [main] DEBUG org.apache.poi.openxml4j.opc.PackageRelationshipCollection - Parsing relationship: /_rels/.rels
15:08:22.813 [main] DEBUG org.apache.poi.ooxml.POIXMLFactory - using default POIXMLDocumentPart for http://schemas.openxmlformats.org/officeDocument/2006/relationships/printerSettings
15:08:22.822 [main] DEBUG org.apache.poi.openxml4j.opc.PackageRelationshipCollection - Parsing relationship: /xl/_rels/workbook.xml.rels
15:08:22.822 [main] DEBUG org.apache.poi.openxml4j.opc.PackageRelationshipCollection - Parsing relationship: /xl/worksheets/_rels/sheet1.xml.rels
15:08:22.829 [main] DEBUG org.apache.poi.openxml4j.opc.PackageRelationshipCollection - Parsing relationship: /_rels/.rels
15:08:22.838 [main] DEBUG org.apache.poi.ooxml.POIXMLFactory - using default POIXMLDocumentPart for http://schemas.openxmlformats.org/officeDocument/2006/relationships/printerSettings
15:08:22.867 [main] DEBUG org.apache.poi.openxml4j.opc.PackageRelationshipCollection - Parsing relationship: /xl/_rels/workbook.xml.rels
15:08:22.867 [main] DEBUG org.apache.poi.openxml4j.opc.PackageRelationshipCollection - Parsing relationship: /xl/worksheets/_rels/sheet1.xml.rels
15:08:22.868 [main] DEBUG org.apache.poi.openxml4j.opc.PackageRelationshipCollection - Parsing relationship: /_rels/.rels
15:08:22.884 [main] DEBUG org.apache.poi.ooxml.POIXMLFactory - using default POIXMLDocumentPart for http://schemas.openxmlformats.org/officeDocument/2006/relationships/printerSettings
15:08:22.899 [main] DEBUG org.apache.poi.openxml4j.opc.PackageRelationshipCollection - Parsing relationship: /xl/_rels/workbook.xml.rels
15:08:22.901 [main] DEBUG org.apache.poi.openxml4j.opc.PackageRelationshipCollection - Parsing relationship: /xl/worksheets/_rels/sheet1.xml.rels
15:08:22.903 [main] DEBUG org.apache.poi.openxml4j.opc.PackageRelationshipCollection - Parsing relationship: /_rels/.rels
15:08:22.917 [main] DEBUG org.apache.poi.ooxml.POIXMLFactory - using default POIXMLDocumentPart for http://schemas.openxmlformats.org/officeDocument/2006/relationships/printerSettings
15:08:22.934 [main] DEBUG org.apache.poi.openxml4j.opc.PackageRelationshipCollection - Parsing relationship: /xl/_rels/workbook.xml.rels
15:08:22.934 [main] DEBUG org.apache.poi.openxml4j.opc.PackageRelationshipCollection - Parsing relationship: /xl/worksheets/_rels/sheet1.xml.rels
15:08:22.937 [main] DEBUG org.apache.poi.openxml4j.opc.PackageRelationshipCollection - Parsing relationship: /_rels/.rels
15:08:22.949 [main] DEBUG org.apache.poi.ooxml.POIXMLFactory - using default POIXMLDocumentPart for http://schemas.openxmlformats.org/officeDocument/2006/relationships/printerSettings
15:08:22.963 [main] DEBUG org.apache.poi.openxml4j.opc.PackageRelationshipCollection - Parsing relationship: /xl/_rels/workbook.xml.rels
15:08:22.963 [main] DEBUG org.apache.poi.openxml4j.opc.PackageRelationshipCollection - Parsing relationship: /xl/worksheets/_rels/sheet1.xml.rels
15:08:22.965 [main] DEBUG org.apache.poi.openxml4j.opc.PackageRelationshipCollection - Parsing relationship: /_rels/.rels
15:08:22.975 [main] DEBUG org.apache.poi.ooxml.POIXMLFactory - using default POIXMLDocumentPart for http://schemas.openxmlformats.org/officeDocument/2006/relationships/printerSettings
15:08:22.990 [main] DEBUG org.apache.poi.openxml4j.opc.PackageRelationshipCollection - Parsing relationship: /xl/_rels/workbook.xml.rels
15:08:22.991 [main] DEBUG org.apache.poi.openxml4j.opc.PackageRelationshipCollection - Parsing relationship: /xl/worksheets/_rels/sheet1.xml.rels
15:08:22.991 [main] DEBUG org.apache.poi.openxml4j.opc.PackageRelationshipCollection - Parsing relationship: /_rels/.rels
15:08:23.003 [main] DEBUG org.apache.poi.ooxml.POIXMLFactory - using default POIXMLDocumentPart for http://schemas.openxmlformats.org/officeDocument/2006/relationships/printerSettings
15:08:23.019 [main] DEBUG org.apache.poi.openxml4j.opc.PackageRelationshipCollection - Parsing relationship: /xl/_rels/workbook.xml.rels
15:08:23.020 [main] DEBUG org.apache.poi.openxml4j.opc.PackageRelationshipCollection - Parsing relationship: /xl/worksheets/_rels/sheet1.xml.rels
15:08:23.022 [main] DEBUG org.apache.poi.openxml4j.opc.PackageRelationshipCollection - Parsing relationship: /_rels/.rels
15:08:23.034 [main] DEBUG org.apache.poi.ooxml.POIXMLFactory - using default POIXMLDocumentPart for http://schemas.openxmlformats.org/officeDocument/2006/relationships/printerSettings
15:08:23.047 [main] DEBUG org.apache.poi.openxml4j.opc.PackageRelationshipCollection - Parsing relationship: /xl/_rels/workbook.xml.rels
15:08:23.051 [main] DEBUG org.apache.poi.openxml4j.opc.PackageRelationshipCollection - Parsing relationship: /xl/worksheets/_rels/sheet1.xml.rels
15:08:23.051 [main] DEBUG org.apache.poi.openxml4j.opc.PackageRelationshipCollection - Parsing relationship: /_rels/.rels
15:08:23.060 [main] DEBUG org.apache.poi.ooxml.POIXMLFactory - using default POIXMLDocumentPart for http://schemas.openxmlformats.org/officeDocument/2006/relationships/printerSettings
15:08:23.076 [main] DEBUG org.apache.poi.openxml4j.opc.PackageRelationshipCollection - Parsing relationship: /xl/_rels/workbook.xml.rels
15:08:23.078 [main] DEBUG org.apache.poi.openxml4j.opc.PackageRelationshipCollection - Parsing relationship: /xl/worksheets/_rels/sheet1.xml.rels
15:08:23.078 [main] DEBUG org.apache.poi.openxml4j.opc.PackageRelationshipCollection - Parsing relationship: /_rels/.rels
15:08:23.090 [main] DEBUG org.apache.poi.ooxml.POIXMLFactory - using default POIXMLDocumentPart for http://schemas.openxmlformats.org/officeDocument/2006/relationships/printerSettings
15:08:23.101 [main] DEBUG org.apache.poi.openxml4j.opc.PackageRelationshipCollection - Parsing relationship: /xl/_rels/workbook.xml.rels
15:08:23.103 [main] DEBUG org.apache.poi.openxml4j.opc.PackageRelationshipCollection - Parsing relationship: /xl/worksheets/_rels/sheet1.xml.rels
15:08:23.105 [main] DEBUG org.apache.poi.openxml4j.opc.PackageRelationshipCollection - Parsing relationship: /_rels/.rels
15:08:23.121 [main] DEBUG org.apache.poi.ooxml.POIXMLFactory - using default POIXMLDocumentPart for http://schemas.openxmlformats.org/officeDocument/2006/relationships/printerSettings
15:08:23.134 [main] DEBUG org.apache.poi.openxml4j.opc.PackageRelationshipCollection - Parsing relationship: /xl/_rels/workbook.xml.rels
15:08:23.134 [main] DEBUG org.apache.poi.openxml4j.opc.PackageRelationshipCollection - Parsing relationship: /xl/worksheets/_rels/sheet1.xml.rels
15:08:23.134 [main] DEBUG org.apache.poi.openxml4j.opc.PackageRelationshipCollection - Parsing relationship: /_rels/.rels
15:08:23.146 [main] DEBUG org.apache.poi.ooxml.POIXMLFactory - using default POIXMLDocumentPart for http://schemas.openxmlformats.org/officeDocument/2006/relationships/printerSettings
15:08:23.159 [main] DEBUG org.apache.poi.openxml4j.opc.PackageRelationshipCollection - Parsing relationship: /xl/_rels/workbook.xml.rels
15:08:23.159 [main] DEBUG org.apache.poi.openxml4j.opc.PackageRelationshipCollection - Parsing relationship: /xl/worksheets/_rels/sheet1.xml.rels
15:08:23.164 [main] DEBUG org.apache.poi.openxml4j.opc.PackageRelationshipCollection - Parsing relationship: /_rels/.rels
15:08:23.173 [main] DEBUG org.apache.poi.ooxml.POIXMLFactory - using default POIXMLDocumentPart for http://schemas.openxmlformats.org/officeDocument/2006/relationships/printerSettings
15:08:23.184 [main] DEBUG org.apache.poi.openxml4j.opc.PackageRelationshipCollection - Parsing relationship: /xl/_rels/workbook.xml.rels
15:08:23.187 [main] DEBUG org.apache.poi.openxml4j.opc.PackageRelationshipCollection - Parsing relationship: /xl/worksheets/_rels/sheet1.xml.rels
15:08:23.189 [main] DEBUG org.apache.poi.openxml4j.opc.PackageRelationshipCollection - Parsing relationship: /_rels/.rels
15:08:23.195 [main] DEBUG org.apache.poi.ooxml.POIXMLFactory - using default POIXMLDocumentPart for http://schemas.openxmlformats.org/officeDocument/2006/relationships/printerSettings
15:08:23.205 [main] DEBUG org.apache.poi.openxml4j.opc.PackageRelationshipCollection - Parsing relationship: /xl/_rels/workbook.xml.rels
15:08:23.208 [main] DEBUG org.apache.poi.openxml4j.opc.PackageRelationshipCollection - Parsing relationship: /xl/worksheets/_rels/sheet1.xml.rels
15:08:23.209 [main] DEBUG org.apache.poi.openxml4j.opc.PackageRelationshipCollection - Parsing relationship: /_rels/.rels
15:08:23.219 [main] DEBUG org.apache.poi.ooxml.POIXMLFactory - using default POIXMLDocumentPart for http://schemas.openxmlformats.org/officeDocument/2006/relationships/printerSettings
15:08:23.230 [main] DEBUG org.apache.poi.openxml4j.opc.PackageRelationshipCollection - Parsing relationship: /xl/_rels/workbook.xml.rels
15:08:23.233 [main] DEBUG org.apache.poi.openxml4j.opc.PackageRelationshipCollection - Parsing relationship: /xl/worksheets/_rels/sheet1.xml.rels
15:08:23.235 [main] DEBUG org.apache.poi.openxml4j.opc.PackageRelationshipCollection - Parsing relationship: /_rels/.rels
15:08:23.242 [main] DEBUG org.apache.poi.ooxml.POIXMLFactory - using default POIXMLDocumentPart for http://schemas.openxmlformats.org/officeDocument/2006/relationships/printerSettings
15:08:23.253 [main] DEBUG org.apache.poi.openxml4j.opc.PackageRelationshipCollection - Parsing relationship: /xl/_rels/workbook.xml.rels
15:08:23.255 [main] DEBUG org.apache.poi.openxml4j.opc.PackageRelationshipCollection - Parsing relationship: /xl/worksheets/_rels/sheet1.xml.rels
15:08:23.255 [main] DEBUG org.apache.poi.openxml4j.opc.PackageRelationshipCollection - Parsing relationship: /_rels/.rels
15:08:23.265 [main] DEBUG org.apache.poi.ooxml.POIXMLFactory - using default POIXMLDocumentPart for http://schemas.openxmlformats.org/officeDocument/2006/relationships/printerSettings
15:08:23.277 [main] DEBUG org.apache.poi.openxml4j.opc.PackageRelationshipCollection - Parsing relationship: /xl/_rels/workbook.xml.rels
15:08:23.280 [main] DEBUG org.apache.poi.openxml4j.opc.PackageRelationshipCollection - Parsing relationship: /xl/worksheets/_rels/sheet1.xml.rels
15:08:23.280 [main] DEBUG org.apache.poi.openxml4j.opc.PackageRelationshipCollection - Parsing relationship: /_rels/.rels
15:08:23.290 [main] DEBUG org.apache.poi.ooxml.POIXMLFactory - using default POIXMLDocumentPart for http://schemas.openxmlformats.org/officeDocument/2006/relationships/printerSettings
15:08:23.305 [main] DEBUG org.apache.poi.openxml4j.opc.PackageRelationshipCollection - Parsing relationship: /xl/_rels/workbook.xml.rels
15:08:23.306 [main] DEBUG org.apache.poi.openxml4j.opc.PackageRelationshipCollection - Parsing relationship: /xl/worksheets/_rels/sheet1.xml.rels
15:08:23.306 [main] DEBUG org.apache.poi.openxml4j.opc.PackageRelationshipCollection - Parsing relationship: /_rels/.rels
15:08:23.320 [main] DEBUG org.apache.poi.ooxml.POIXMLFactory - using default POIXMLDocumentPart for http://schemas.openxmlformats.org/officeDocument/2006/relationships/printerSettings
15:08:23.333 [main] INFO  testCases.TC003_LoginTestDDT - Starting of TC003_LoginTestDDT
15:08:26.025 [main] INFO  testCases.TC003_LoginTestDDT - End of TC003_LoginTestDDT
15:08:26.035 [main] INFO  testCases.TC003_LoginTestDDT - Starting of TC003_LoginTestDDT
15:08:37.807 [main] INFO  testCases.TC003_LoginTestDDT - End of TC003_LoginTestDDT
15:08:37.813 [main] INFO  testCases.TC003_LoginTestDDT - Starting of TC003_LoginTestDDT
15:08:49.599 [main] INFO  testCases.TC003_LoginTestDDT - End of TC003_LoginTestDDT
15:08:49.607 [main] INFO  testCases.TC003_LoginTestDDT - Starting of TC003_LoginTestDDT
15:09:00.623 [main] INFO  testCases.TC003_LoginTestDDT - End of TC003_LoginTestDDT
15:09:00.631 [main] INFO  testCases.TC003_LoginTestDDT - Starting of TC003_LoginTestDDT
15:09:04.967 [main] INFO  testCases.TC003_LoginTestDDT - End of TC003_LoginTestDDT
15:09:04.974 [main] INFO  testCases.TC003_LoginTestDDT - Starting of TC003_LoginTestDDT
15:09:17.022 [main] INFO  testCases.TC003_LoginTestDDT - End of TC003_LoginTestDDT
15:09:38.497 [main] DEBUG org.testng.TestNG - suiteXmlPath: "E:\Srini_Automation\Workspace1\OpencartV122\grouping.xml"
15:09:38.780 [main] INFO  org.testng.internal.Utils - [TestNG] Running:
  E:\Srini_Automation\Workspace1\OpencartV122\grouping.xml

15:09:41.710 [main] INFO  testCases.TC001_AccountRegistrationTest - Starting of TC001_AccountRegistrationTest
15:09:41.988 [main] INFO  testCases.TC001_AccountRegistrationTest - Clicked on MyAccount link
15:09:42.829 [main] INFO  testCases.TC001_AccountRegistrationTest - Clicked on Register link
15:09:42.831 [main] INFO  testCases.TC001_AccountRegistrationTest - Providing customer details
15:09:43.459 [main] INFO  testCases.TC001_AccountRegistrationTest - Clicked on Privacy Policy checkbox
15:09:44.791 [main] INFO  testCases.TC001_AccountRegistrationTest - Clicked in Continue
15:09:44.791 [main] INFO  testCases.TC001_AccountRegistrationTest - Validation of confirmation message..
15:09:44.854 [main] INFO  testCases.TC001_AccountRegistrationTest - End of TC001_AccountRegistrationTest
15:09:47.202 [main] INFO  testCases.TC002_LoginTest - Starting of TC002_LoginTest
15:09:49.420 [main] INFO  testCases.TC002_LoginTest - End of TC002_LoginTest
15:12:07.047 [main] DEBUG org.testng.TestNG - suiteXmlPath: "E:\Srini_Automation\Workspace1\OpencartV122\grouping.xml"
15:12:07.312 [main] INFO  org.testng.internal.Utils - [TestNG] Running:
  E:\Srini_Automation\Workspace1\OpencartV122\grouping.xml

15:12:10.506 [main] INFO  testCases.TC001_AccountRegistrationTest - Starting of TC001_AccountRegistrationTest
15:12:10.681 [main] INFO  testCases.TC001_AccountRegistrationTest - Clicked on MyAccount link
15:12:11.936 [main] INFO  testCases.TC001_AccountRegistrationTest - Clicked on Register link
15:12:11.938 [main] INFO  testCases.TC001_AccountRegistrationTest - Providing customer details
15:12:12.484 [main] INFO  testCases.TC001_AccountRegistrationTest - Clicked on Privacy Policy checkbox
15:12:13.778 [main] INFO  testCases.TC001_AccountRegistrationTest - Clicked in Continue
15:12:13.778 [main] INFO  testCases.TC001_AccountRegistrationTest - Validation of confirmation message..
15:12:13.841 [main] INFO  testCases.TC001_AccountRegistrationTest - End of TC001_AccountRegistrationTest
15:12:16.448 [main] INFO  testCases.TC002_LoginTest - Starting of TC002_LoginTest
16:11:12.231 [main] DEBUG org.testng.TestNG - suiteXmlPath: "E:\Srini_Automation\Workspace1\OpencartV122\test-output\testng-failed.xml"
16:11:12.488 [main] INFO  org.testng.internal.Utils - [TestNG] Running:
  E:\Srini_Automation\Workspace1\OpencartV122\test-output\testng-failed.xml

16:11:17.880 [main] INFO  testCases.TC002_LoginTest - Starting of TC002_LoginTest
16:11:20.192 [main] INFO  testCases.TC002_LoginTest - End of TC002_LoginTest
05:32:27.040 [main] DEBUG org.testng.TestNG - suiteXmlPath: "E:\Srini_Automation\Workspace1\OpencartV122\master.xml"
05:32:32.036 [main] INFO  testCases.TC001_AccountRegistrationTest - Starting of TC001_AccountRegistrationTest
05:32:32.348 [main] INFO  testCases.TC001_AccountRegistrationTest - Clicked on MyAccount link
05:32:33.243 [main] INFO  testCases.TC001_AccountRegistrationTest - Clicked on Register link
05:32:33.249 [main] INFO  testCases.TC001_AccountRegistrationTest - Providing customer details
05:32:33.880 [main] INFO  testCases.TC001_AccountRegistrationTest - Clicked on Privacy Policy checkbox
05:32:35.526 [main] INFO  testCases.TC001_AccountRegistrationTest - Clicked in Continue
05:32:35.526 [main] INFO  testCases.TC001_AccountRegistrationTest - Validation of confirmation message..
05:32:35.593 [main] INFO  testCases.TC001_AccountRegistrationTest - End of TC001_AccountRegistrationTest
05:32:38.133 [main] INFO  testCases.TC002_LoginTest - Starting of TC002_LoginTest
05:32:40.388 [main] INFO  testCases.TC002_LoginTest - End of TC002_LoginTest
05:32:43.097 [main] DEBUG org.apache.poi.openxml4j.opc.PackageRelationshipCollection - Parsing relationship: /xl/_rels/workbook.xml.rels
05:32:43.100 [main] DEBUG org.apache.poi.openxml4j.opc.PackageRelationshipCollection - Parsing relationship: /xl/worksheets/_rels/sheet1.xml.rels
05:32:43.102 [main] DEBUG org.apache.poi.openxml4j.opc.PackageRelationshipCollection - Parsing relationship: /_rels/.rels
05:32:43.477 [main] DEBUG org.apache.poi.ooxml.POIXMLFactory - using default POIXMLDocumentPart for http://schemas.openxmlformats.org/officeDocument/2006/relationships/printerSettings
05:32:43.582 [main] DEBUG org.apache.poi.openxml4j.opc.PackageRelationshipCollection - Parsing relationship: /xl/_rels/workbook.xml.rels
05:32:43.584 [main] DEBUG org.apache.poi.openxml4j.opc.PackageRelationshipCollection - Parsing relationship: /xl/worksheets/_rels/sheet1.xml.rels
05:32:43.586 [main] DEBUG org.apache.poi.openxml4j.opc.PackageRelationshipCollection - Parsing relationship: /_rels/.rels
05:32:43.600 [main] DEBUG org.apache.poi.ooxml.POIXMLFactory - using default POIXMLDocumentPart for http://schemas.openxmlformats.org/officeDocument/2006/relationships/printerSettings
05:32:43.618 [main] DEBUG org.apache.poi.openxml4j.opc.PackageRelationshipCollection - Parsing relationship: /xl/_rels/workbook.xml.rels
05:32:43.620 [main] DEBUG org.apache.poi.openxml4j.opc.PackageRelationshipCollection - Parsing relationship: /xl/worksheets/_rels/sheet1.xml.rels
05:32:43.621 [main] DEBUG org.apache.poi.openxml4j.opc.PackageRelationshipCollection - Parsing relationship: /_rels/.rels
05:32:43.633 [main] DEBUG org.apache.poi.ooxml.POIXMLFactory - using default POIXMLDocumentPart for http://schemas.openxmlformats.org/officeDocument/2006/relationships/printerSettings
05:32:43.659 [main] DEBUG org.apache.poi.openxml4j.opc.PackageRelationshipCollection - Parsing relationship: /xl/_rels/workbook.xml.rels
05:32:43.660 [main] DEBUG org.apache.poi.openxml4j.opc.PackageRelationshipCollection - Parsing relationship: /xl/worksheets/_rels/sheet1.xml.rels
05:32:43.661 [main] DEBUG org.apache.poi.openxml4j.opc.PackageRelationshipCollection - Parsing relationship: /_rels/.rels
05:32:43.670 [main] DEBUG org.apache.poi.ooxml.POIXMLFactory - using default POIXMLDocumentPart for http://schemas.openxmlformats.org/officeDocument/2006/relationships/printerSettings
05:32:43.686 [main] DEBUG org.apache.poi.openxml4j.opc.PackageRelationshipCollection - Parsing relationship: /xl/_rels/workbook.xml.rels
05:32:43.688 [main] DEBUG org.apache.poi.openxml4j.opc.PackageRelationshipCollection - Parsing relationship: /xl/worksheets/_rels/sheet1.xml.rels
05:32:43.690 [main] DEBUG org.apache.poi.openxml4j.opc.PackageRelationshipCollection - Parsing relationship: /_rels/.rels
05:32:43.702 [main] DEBUG org.apache.poi.ooxml.POIXMLFactory - using default POIXMLDocumentPart for http://schemas.openxmlformats.org/officeDocument/2006/relationships/printerSettings
05:32:43.715 [main] DEBUG org.apache.poi.openxml4j.opc.PackageRelationshipCollection - Parsing relationship: /xl/_rels/workbook.xml.rels
05:32:43.716 [main] DEBUG org.apache.poi.openxml4j.opc.PackageRelationshipCollection - Parsing relationship: /xl/worksheets/_rels/sheet1.xml.rels
05:32:43.718 [main] DEBUG org.apache.poi.openxml4j.opc.PackageRelationshipCollection - Parsing relationship: /_rels/.rels
05:32:43.730 [main] DEBUG org.apache.poi.ooxml.POIXMLFactory - using default POIXMLDocumentPart for http://schemas.openxmlformats.org/officeDocument/2006/relationships/printerSettings
05:32:43.745 [main] DEBUG org.apache.poi.openxml4j.opc.PackageRelationshipCollection - Parsing relationship: /xl/_rels/workbook.xml.rels
05:32:43.746 [main] DEBUG org.apache.poi.openxml4j.opc.PackageRelationshipCollection - Parsing relationship: /xl/worksheets/_rels/sheet1.xml.rels
05:32:43.748 [main] DEBUG org.apache.poi.openxml4j.opc.PackageRelationshipCollection - Parsing relationship: /_rels/.rels
05:32:43.759 [main] DEBUG org.apache.poi.ooxml.POIXMLFactory - using default POIXMLDocumentPart for http://schemas.openxmlformats.org/officeDocument/2006/relationships/printerSettings
05:32:43.773 [main] DEBUG org.apache.poi.openxml4j.opc.PackageRelationshipCollection - Parsing relationship: /xl/_rels/workbook.xml.rels
05:32:43.774 [main] DEBUG org.apache.poi.openxml4j.opc.PackageRelationshipCollection - Parsing relationship: /xl/worksheets/_rels/sheet1.xml.rels
05:32:43.776 [main] DEBUG org.apache.poi.openxml4j.opc.PackageRelationshipCollection - Parsing relationship: /_rels/.rels
05:32:43.787 [main] DEBUG org.apache.poi.ooxml.POIXMLFactory - using default POIXMLDocumentPart for http://schemas.openxmlformats.org/officeDocument/2006/relationships/printerSettings
05:32:43.800 [main] DEBUG org.apache.poi.openxml4j.opc.PackageRelationshipCollection - Parsing relationship: /xl/_rels/workbook.xml.rels
05:32:43.802 [main] DEBUG org.apache.poi.openxml4j.opc.PackageRelationshipCollection - Parsing relationship: /xl/worksheets/_rels/sheet1.xml.rels
05:32:43.803 [main] DEBUG org.apache.poi.openxml4j.opc.PackageRelationshipCollection - Parsing relationship: /_rels/.rels
05:32:43.814 [main] DEBUG org.apache.poi.ooxml.POIXMLFactory - using default POIXMLDocumentPart for http://schemas.openxmlformats.org/officeDocument/2006/relationships/printerSettings
05:32:43.832 [main] DEBUG org.apache.poi.openxml4j.opc.PackageRelationshipCollection - Parsing relationship: /xl/_rels/workbook.xml.rels
05:32:43.833 [main] DEBUG org.apache.poi.openxml4j.opc.PackageRelationshipCollection - Parsing relationship: /xl/worksheets/_rels/sheet1.xml.rels
05:32:43.833 [main] DEBUG org.apache.poi.openxml4j.opc.PackageRelationshipCollection - Parsing relationship: /_rels/.rels
05:32:43.843 [main] DEBUG org.apache.poi.ooxml.POIXMLFactory - using default POIXMLDocumentPart for http://schemas.openxmlformats.org/officeDocument/2006/relationships/printerSettings
05:32:43.854 [main] DEBUG org.apache.poi.openxml4j.opc.PackageRelationshipCollection - Parsing relationship: /xl/_rels/workbook.xml.rels
05:32:43.855 [main] DEBUG org.apache.poi.openxml4j.opc.PackageRelationshipCollection - Parsing relationship: /xl/worksheets/_rels/sheet1.xml.rels
05:32:43.856 [main] DEBUG org.apache.poi.openxml4j.opc.PackageRelationshipCollection - Parsing relationship: /_rels/.rels
05:32:43.866 [main] DEBUG org.apache.poi.ooxml.POIXMLFactory - using default POIXMLDocumentPart for http://schemas.openxmlformats.org/officeDocument/2006/relationships/printerSettings
05:32:43.878 [main] DEBUG org.apache.poi.openxml4j.opc.PackageRelationshipCollection - Parsing relationship: /xl/_rels/workbook.xml.rels
05:32:43.879 [main] DEBUG org.apache.poi.openxml4j.opc.PackageRelationshipCollection - Parsing relationship: /xl/worksheets/_rels/sheet1.xml.rels
05:32:43.880 [main] DEBUG org.apache.poi.openxml4j.opc.PackageRelationshipCollection - Parsing relationship: /_rels/.rels
05:32:43.889 [main] DEBUG org.apache.poi.ooxml.POIXMLFactory - using default POIXMLDocumentPart for http://schemas.openxmlformats.org/officeDocument/2006/relationships/printerSettings
